Change Component Designator: OldDesignator=C? NewDesignator=C1
Change Component Designator: OldDesignator=C? NewDesignator=C2
Change Component Designator: OldDesignator=R? NewDesignator=R1
Change Component Designator: OldDesignator=R? NewDesignator=R2
Change Component Designator: OldDesignator=R? NewDesignator=R3
Change Component Designator: OldDesignator=R? NewDesignator=R4
Change Component Designator: OldDesignator=R? NewDesignator=R5
Change Component Designator: OldDesignator=R? NewDesignator=R6
Change Component Designator: OldDesignator=R? NewDesignator=R7
Change Component Designator: OldDesignator=R? NewDesignator=R8
Change Component Designator: OldDesignator=R? NewDesignator=R9
Change Component Designator: OldDesignator=U? NewDesignator=AudioAmp
Change Component Designator: OldDesignator=U? NewDesignator=MCU
Change Component Designator: OldDesignator=U? NewDesignator=U1
Change Net Name : Old Net Name=NetC?_1 New Net Name=NetC1_1
Change Net Name : Old Net Name=NetC?_2 New Net Name=NetC2_2
Added Member To Class: ClassName=Sheet2 Member=Component AudioAmp PAM8406ER
Added Member To Class: ClassName=Sheet2 Member=Component C1 *
Added Member To Class: ClassName=Sheet2 Member=Component R1 *
Added Member To Class: ClassName=Sheet2 Member=Component R2 *
Added Member To Class: ClassName=Sheet2 Member=Component R4 *
Added Member To Class: ClassName=Sheet2 Member=Component R5 *
Added Member To Class: ClassName=Sheet2 Member=Component R6 *
Added Member To Class: ClassName=Sheet2 Member=Component R7 *
Added Member To Class: ClassName=Sheet2 Member=Component R8 *
Added Member To Class: ClassName=Sheet2 Member=Component R9 *
Added Member To Class: ClassName=Sheet2 Member=Component U1 LM324
